Line 38: Class MSAdodcLib.Adodc of control Adodc1 was not a loaded control class.
Line 132: Class MSDataGridLib.DataGrid of control DataGrid1 was not a loaded control class.
Line 43: The property name _ExtentX in Adodc1 is invalid.
Line 44: The property name _ExtentY in Adodc1 is invalid.
Line 45: The property name ConnectMode in Adodc1 is invalid.
Line 46: The property name CursorLocation in Adodc1 is invalid.
Line 47: The property name IsolationLevel in Adodc1 is invalid.
Line 48: The property name ConnectionTimeout in Adodc1 is invalid.
Line 49: The property name CommandTimeout in Adodc1 is invalid.
Line 50: The property name CursorType in Adodc1 is invalid.
Line 51: The property name LockType in Adodc1 is invalid.
Line 52: The property name CommandType in Adodc1 is invalid.
Line 53: The property name CursorOptions in Adodc1 is invalid.
Line 54: The property name CacheSize in Adodc1 is invalid.
Line 55: The property name MaxRecords in Adodc1 is invalid.
Line 56: The property name BOFAction in Adodc1 is invalid.
Line 57: The property name EOFAction in Adodc1 is invalid.
Line 58: The property name ConnectStringType in Adodc1 is invalid.
Line 62: The property name Orientation in Adodc1 is invalid.
Line 64: The property name Connect in Adodc1 is invalid.
Line 65: The property name OLEDBString in Adodc1 is invalid.
Line 66: The property name OLEDBFile in Adodc1 is invalid.
Line 67: The property name DataSourceName in Adodc1 is invalid.
Line 68: The property name OtherAttributes in Adodc1 is invalid.
Line 69: The property name UserName in Adodc1 is invalid.
Line 70: The property name Password in Adodc1 is invalid.
Line 71: The property name RecordSource in Adodc1 is invalid.
Line 72: The property name Caption in Adodc1 is invalid.
Line 82: The property name _Version in Adodc1 is invalid.
Line 133: The property name Bindings in DataGrid1 is invalid.
Line 139: The property name _ExtentX in DataGrid1 is invalid.
Line 140: The property name _ExtentY in DataGrid1 is invalid.
Line 141: The property name _Version in DataGrid1 is invalid.
Line 142: The property name AllowUpdate in DataGrid1 is invalid.
Line 143: The property name HeadLines in DataGrid1 is invalid.
Line 144: The property name RowHeight in DataGrid1 is invalid.
Line 145: The property name AllowAddNew in DataGrid1 is invalid.
Line 146: The property name AllowDelete in DataGrid1 is invalid.
Line 155: The property name HeadFont in DataGrid1 is invalid.
Line 165: The property name ColumnCount in DataGrid1 is invalid.
Line 178: The property name Column00 in DataGrid1 is invalid.
Line 191: The property name Column01 in DataGrid1 is invalid.
Line 192: The property name SplitCount in DataGrid1 is invalid.
Line 198: The property name Split0 in DataGrid1 is invalid.
